<testsuites id="" name="" tests="3" failures="3" skipped="0" errors="0" time="4.788737">
<testsuite name="test_document_deletion.spec.ts" timestamp="2025-12-10T23:18:48.307Z" hostname="chromium" tests="1" failures="1" skipped="0" time="2.823" errors="0">
<testcase name="Document Deletion › should allow a user to upload and then delete a document" classname="test_document_deletion.spec.ts" time="2.823">
<failure message="test_document_deletion.spec.ts:4:7 should allow a user to upload and then delete a document" type="FAILURE">
<![CDATA[  [chromium] › test_document_deletion.spec.ts:4:7 › Document Deletion › should allow a user to upload and then delete a document 

    Error: page.goto: net::ERR_CONNECTION_REFUSED at http://localhost:3000/login
    Call log:
      - navigating to "http://localhost:3000/login", waiting until "load"


      4 |   test('should allow a user to upload and then delete a document', async ({ page }) => {
      5 |     // 1. Login
    > 6 |     await page.goto('/login');
        |                ^
      7 |     await page.fill('input[name="email"]', 'test@example.com');
      8 |     await page.fill('input[name="password"]', 'password');
      9 |     await page.click('button[type="submit"]');
        at C:\Users\davor\SG-Oslo-Flexi\tests\e2e\test_document_deletion.spec.ts:6:16

    attachment #1: screenshot (image/png) ──────────────────────────────────────────────────────────
    ..\..\test-results\artifacts\test_document_deletion-Doc-64bf6--and-then-delete-a-document-chromium\test-failed-1.png
    ────────────────────────────────────────────────────────────────────────────────────────────────

    attachment #2: video (video/webm) ──────────────────────────────────────────────────────────────
    ..\..\test-results\artifacts\test_document_deletion-Doc-64bf6--and-then-delete-a-document-chromium\video.webm
    ────────────────────────────────────────────────────────────────────────────────────────────────
]]>
</failure>
<system-out>
<![CDATA[
[[ATTACHMENT|artifacts\test_document_deletion-Doc-64bf6--and-then-delete-a-document-chromium\test-failed-1.png]]

[[ATTACHMENT|artifacts\test_document_deletion-Doc-64bf6--and-then-delete-a-document-chromium\video.webm]]
]]>
</system-out>
</testcase>
</testsuite>
<testsuite name="test_document_deletion.spec.ts" timestamp="2025-12-10T23:18:48.307Z" hostname="firefox" tests="1" failures="1" skipped="0" time="3.156" errors="0">
<testcase name="Document Deletion › should allow a user to upload and then delete a document" classname="test_document_deletion.spec.ts" time="3.156">
<failure message="test_document_deletion.spec.ts:4:7 should allow a user to upload and then delete a document" type="FAILURE">
<![CDATA[  [firefox] › test_document_deletion.spec.ts:4:7 › Document Deletion › should allow a user to upload and then delete a document 

    Error: page.goto: NS_ERROR_CONNECTION_REFUSED
    Call log:
      - navigating to "http://localhost:3000/login", waiting until "load"


      4 |   test('should allow a user to upload and then delete a document', async ({ page }) => {
      5 |     // 1. Login
    > 6 |     await page.goto('/login');
        |                ^
      7 |     await page.fill('input[name="email"]', 'test@example.com');
      8 |     await page.fill('input[name="password"]', 'password');
      9 |     await page.click('button[type="submit"]');
        at C:\Users\davor\SG-Oslo-Flexi\tests\e2e\test_document_deletion.spec.ts:6:16

    attachment #1: screenshot (image/png) ──────────────────────────────────────────────────────────
    ..\..\test-results\artifacts\test_document_deletion-Doc-64bf6--and-then-delete-a-document-firefox\test-failed-1.png
    ────────────────────────────────────────────────────────────────────────────────────────────────

    attachment #2: video (video/webm) ──────────────────────────────────────────────────────────────
    ..\..\test-results\artifacts\test_document_deletion-Doc-64bf6--and-then-delete-a-document-firefox\video.webm
    ────────────────────────────────────────────────────────────────────────────────────────────────

    Error Context: ..\..\test-results\artifacts\test_document_deletion-Doc-64bf6--and-then-delete-a-document-firefox\error-context.md
]]>
</failure>
<system-out>
<![CDATA[
[[ATTACHMENT|artifacts\test_document_deletion-Doc-64bf6--and-then-delete-a-document-firefox\test-failed-1.png]]

[[ATTACHMENT|artifacts\test_document_deletion-Doc-64bf6--and-then-delete-a-document-firefox\video.webm]]

[[ATTACHMENT|artifacts\test_document_deletion-Doc-64bf6--and-then-delete-a-document-firefox\error-context.md]]
]]>
</system-out>
</testcase>
</testsuite>
<testsuite name="test_document_deletion.spec.ts" timestamp="2025-12-10T23:18:48.307Z" hostname="webkit" tests="1" failures="1" skipped="0" time="3.136" errors="0">
<testcase name="Document Deletion › should allow a user to upload and then delete a document" classname="test_document_deletion.spec.ts" time="3.136">
<failure message="test_document_deletion.spec.ts:4:7 should allow a user to upload and then delete a document" type="FAILURE">
<![CDATA[  [webkit] › test_document_deletion.spec.ts:4:7 › Document Deletion › should allow a user to upload and then delete a document 

    Error: page.goto: Could not connect to server
    Call log:
      - navigating to "http://localhost:3000/login", waiting until "load"


      4 |   test('should allow a user to upload and then delete a document', async ({ page }) => {
      5 |     // 1. Login
    > 6 |     await page.goto('/login');
        |                ^
      7 |     await page.fill('input[name="email"]', 'test@example.com');
      8 |     await page.fill('input[name="password"]', 'password');
      9 |     await page.click('button[type="submit"]');
        at C:\Users\davor\SG-Oslo-Flexi\tests\e2e\test_document_deletion.spec.ts:6:16

    attachment #1: screenshot (image/png) ──────────────────────────────────────────────────────────
    ..\..\test-results\artifacts\test_document_deletion-Doc-64bf6--and-then-delete-a-document-webkit\test-failed-1.png
    ────────────────────────────────────────────────────────────────────────────────────────────────

    attachment #2: video (video/webm) ──────────────────────────────────────────────────────────────
    ..\..\test-results\artifacts\test_document_deletion-Doc-64bf6--and-then-delete-a-document-webkit\video.webm
    ────────────────────────────────────────────────────────────────────────────────────────────────
]]>
</failure>
<system-out>
<![CDATA[
[[ATTACHMENT|artifacts\test_document_deletion-Doc-64bf6--and-then-delete-a-document-webkit\test-failed-1.png]]

[[ATTACHMENT|artifacts\test_document_deletion-Doc-64bf6--and-then-delete-a-document-webkit\video.webm]]
]]>
</system-out>
</testcase>
</testsuite>
</testsuites>